2020 05 01 :2:54:13:pm Sent=>
2020 05 01 :2:58:51:pm Sent=>
2020 05 01 :4:58:38:pm Sent=>
2020 05 01 :5:01:43:pm Sent=>
2020 05 01 :5:07:52:pm Sent=>
2020 05 01 :6:27:51:pm Sent=>
2020 05 01 :6:57:03:pm Sent=>
2020 05 01 :8:33:53:pm Sent=>
2020 05 01 :8:38:04:pm Sent=>
2020 06 29 :8:16:49:am The following From address failed: info@code360ds.com : Called Mail() without being connected
2020 06 29 :8:21:14:am Sent=>
2020 06 29 :8:21:42:am Sent=>
2020 06 30 :7:33:34:am The following From address failed: info@code360ds.com : Called Mail() without being connected
2020 06 30 :7:49:56:am The following From address failed: info@code360ds.com : Called Mail() without being connected
2020 06 30 :7:49:57:am The following From address failed: info@code360ds.com : Called Mail() without being connected
2020 06 30 :8:05:51:am Sent=>
2020 06 30 :8:06:05:am SMTP Error: The following recipients failed: james2yiga@gmail.com, info@code360ds.com<p>SMTP server error: </p>

2020 06 30 :8:06:06:am The following From address failed: info@code360ds.com : Called Mail() without being connected
2020 06 30 :8:06:14:am Sent=>
2020 06 30 :8:10:12:am Sent=>
2020 06 30 :8:10:18:am Sent=>
2020 06 30 :8:10:23:am Sent=>
2020 06 30 :8:10:25:am The following From address failed: info@code360ds.com : Called Mail() without being connected
2020 06 30 :8:10:26:am The following From address failed: info@code360ds.com : Called Mail() without being connected
2020 07 31 :5:35:02:pm Sent=>
2020 08 06 :3:37:13:pm Sent=>
2020 08 11 :3:26:30:pm The following From address failed: info@code360ds.com : Called Mail() without being connected
