




<div data-thumb="images/slider-1.jpg" data-src="images/slider-1.jpg">
<div class="camera_caption">
<div class="container">
<h5 class=" wow fadeInUp animated">Welcome to our</h5>
<h3 class=" wow fadeInUp animated" data-wow-delay="0.5s">CLEAN, MODERN, MULTIPURPOSE THEME</h3>
<p class=" wow fadeInUp animated" data-wow-delay="0.8s">Our team of professionals will help you turn your dream home or flat into a reality fast. The Love Boat promises something for everyone. Now the world don't move to the beat of just one</p>
<a class=" wow fadeInUp animated" href="#" data-wow-delay="1s">Read More</a></div>
</div>
</div>
<div data-thumb="images/slider-2.jpg" data-src="images/slider-2.jpg">
<div class="camera_caption">
<div class="container">
<h5 class=" wow fadeInUp animated">Welcome to our</h5>
<h3 class=" wow fadeInUp animated" data-wow-delay="0.5s">CLEAN ,MODERN, MULTIPURPOSE THEME</h3>
<p class=" wow fadeInUp animated" data-wow-delay="0.8s">Our team of professionals will help you turn your dream home or flat into a reality fast. The Love Boat promises something for everyone. Now the world don't move to the beat of just one</p>
<a class=" wow fadeInUp animated" href="#" data-wow-delay="1s">Read More</a></div>
</div>
</div>




<div data-thumb="images/slider-1.jpg" data-src="images/slider-1.jpg">
<div class="camera_caption">
<div class="container">
<h5 class=" wow fadeInUp animated">Welcome to our</h5>
<h3 class=" wow fadeInUp animated" data-wow-delay="0.5s">CLEAN, MODERN, MULTIPURPOSE THEME</h3>
<p class=" wow fadeInUp animated" data-wow-delay="0.8s">Our team of professionals will help you turn your dream home or flat into a reality fast. The Love Boat promises something for everyone. Now the world don't move to the beat of just one</p>
<a class=" wow fadeInUp animated" href="#" data-wow-delay="1s">Read More</a></div>
</div>
</div>
<div data-thumb="images/slider-2.jpg" data-src="images/slider-2.jpg">
<div class="camera_caption">
<div class="container">
<h5 class=" wow fadeInUp animated">Welcome to our</h5>
<h3 class=" wow fadeInUp animated" data-wow-delay="0.5s">CLEAN ,MODERN, MULTIPURPOSE THEME</h3>
<p class=" wow fadeInUp animated" data-wow-delay="0.8s">Our team of professionals will help you turn your dream home or flat into a reality fast. The Love Boat promises something for everyone. Now the world don't move to the beat of just one</p>
<a class=" wow fadeInUp animated" href="#" data-wow-delay="1s">Read More</a></div>
</div>
</div>




<div data-thumb="images/slider-1.jpg" data-src="images/slider-1.jpg">
<div class="camera_caption">
<div class="container">
<h5 class=" wow fadeInUp animated">Welcome to our</h5>
<h3 class=" wow fadeInUp animated" data-wow-delay="0.5s">CLEAN, MODERN, MULTIPURPOSE THEME</h3>
<p class=" wow fadeInUp animated" data-wow-delay="0.8s">Our team of professionals will help you turn your dream home or flat into a reality fast. The Love Boat promises something for everyone. Now the world don't move to the beat of just one</p>
<a class=" wow fadeInUp animated" href="#" data-wow-delay="1s">Read More</a></div>
</div>
</div>
<div data-thumb="images/slider-2.jpg" data-src="images/slider-2.jpg">
<div class="camera_caption">
<div class="container">
<h5 class=" wow fadeInUp animated">Welcome to our</h5>
<h3 class=" wow fadeInUp animated" data-wow-delay="0.5s">CLEAN ,MODERN, MULTIPURPOSE THEME</h3>
<p class=" wow fadeInUp animated" data-wow-delay="0.8s">Our team of professionals will help you turn your dream home or flat into a reality fast. The Love Boat promises something for everyone. Now the world don't move to the beat of just one</p>
<a class=" wow fadeInUp animated" href="#" data-wow-delay="1s">Read More</a></div>
</div>
</div>




<div data-thumb="images/slider-1.jpg" data-src="images/slider-1.jpg">
<div class="camera_caption">
<div class="container">
<h5 class=" wow fadeInUp animated">Welcome to our</h5>
<h3 class=" wow fadeInUp animated" data-wow-delay="0.5s">CLEAN, MODERN, MULTIPURPOSE THEME</h3>
<p class=" wow fadeInUp animated" data-wow-delay="0.8s">Our team of professionals will help you turn your dream home or flat into a reality fast. The Love Boat promises something for everyone. Now the world don't move to the beat of just one</p>
<a class=" wow fadeInUp animated" href="#" data-wow-delay="1s">Read More</a></div>
</div>
</div>
<div data-thumb="images/slider-2.jpg" data-src="images/slider-2.jpg">
<div class="camera_caption">
<div class="container">
<h5 class=" wow fadeInUp animated">Welcome to our</h5>
<h3 class=" wow fadeInUp animated" data-wow-delay="0.5s">CLEAN ,MODERN, MULTIPURPOSE THEME</h3>
<p class=" wow fadeInUp animated" data-wow-delay="0.8s">Our team of professionals will help you turn your dream home or flat into a reality fast. The Love Boat promises something for everyone. Now the world don't move to the beat of just one</p>
<a class=" wow fadeInUp animated" href="#" data-wow-delay="1s">Read More</a></div>
</div>
</div>




