2020 06 12 :6:37:30:pm ALTER table item(ADD id INT(15) NOT NULL AUTO_INCREMENT,ADD itemName VARCHAR(150) NOT NULL ,ADD itemDescription  TEXT NULL ,ADD creationDate DATE NOT NULL ,ADD ModifiedDate DATE NULL ,MODIFY isActive INT(1) NULL ,ADD categoryId INT(15) NOT NULL ,PRIMARY KEY (id ));
2020 06 12 :6:38:25:pm ALTER table item(MODIFY id INT(15) NOT NULL AUTO_INCREMENT,MODIFY itemName VARCHAR(150) NOT NULL ,MODIFY itemDescription  TEXT NULL ,MODIFY creationDate DATE NOT NULL ,MODIFY ModifiedDate DATE NULL ,MODIFY isActive INT(1) NULL ,ADD categoryId INT(15) NOT NULL ,PRIMARY KEY (id ));
2020 06 12 :6:44:09:pm ALTER table item(MODIFY id INT(15) NOT NULL AUTO_INCREMENT,MODIFY itemName VARCHAR(150) NOT NULL ,MODIFY itemDescription  TEXT NULL ,MODIFY creationDate DATE NOT NULL ,MODIFY ModifiedDate DATE NULL ,MODIFY isActive INT(1) NULL ,ADD categoryId INT(15) NOT NULL ,PRIMARY KEY (id ));
2020 06 12 :6:49:00:pm ALTER table item MODIFY itemDescription  TEXT NULL ,ADD categoryId INT(15) NOT NULL ;
2020 06 12 :6:50:20:pm ALTER table item MODIFY itemDescription  TEXT NULL ,ADD categoryId INT(15) NOT NULL ;
2020 06 15 :8:15:38:pm ALTER table item MODIFY itemDescription  TEXT NULL ,MODIFY creationDate DATE NOT NULL ,MODIFY ModifiedDate DATE NULL ,ADD amount FLOAT(15) NOT NULL ,ADD uom VARCHAR(120) NOT NULL ;
2020 06 16 :12:15:53:pm ALTER table item MODIFY itemDescription  TEXT NULL ,ADD amount FLOAT(15) NOT NULL ;
2020 06 16 :12:16:32:pm ALTER table item MODIFY itemDescription  TEXT NULL ,MODIFY creationDate DATETIME NOT NULL DEFAULT CURRENT_TIMESTAMP,MODIFY ModifiedDate DATETIME NULL ON UPDATE CURRENT_TIMESTAMP,ADD amount FLOAT(15) NOT NULL ;
2020 07 01 :8:11:23:pm ALTER table webpage ADD show INT(1) NULL ;
2020 07 01 :8:11:30:pm ALTER table webpage ADD show INT(1) NULL ;
2020 07 01 :8:14:26:pm ALTER table webpage ADD showPge INT(1) NULL ;
2020 07 01 :10:01:55:pm ALTER table webpagesection ADD pgeId INT(15) NOT NULL ;
2020 07 05 :4:43:49:am ALTER table sectioncolumn ADD columnCls VARCHAR(150) NOT NULL ;
2020 07 16 :4:17:07:pm ALTER table listingentry MODIFY id int(11) NOT NULL AUTO_INCREMENT,ADD userId VARCHAR(150) NOT NULL ,ADD companyId int(11) NOT NULL ,MODIFY hint varchar(30) NOT NULL ,ADD dateTime DATETIME NOT NULL ;
2020 08 09 :11:21:38:am ALTER table businessprofile MODIFY id varchar(20) NULL ,MODIFY businessname varchar(30) NULL ,MODIFY headoffice varchar(30) NULL ,MODIFY phonenumber varchar(20) NULL ,MODIFY website varchar(30) NULL ,MODIFY categoryId int(11) NULL ;
2020 08 11 :2:45:23:pm ALTER table listhandle MODIFY id int(11) NOT NULL auto_increment,MODIFY idVal varchar(150) NOT NULL ,MODIFY textVal varchar(150) NOT NULL ,MODIFY listName varchar(150) NOT NULL ,ADD isSync INT(1) NULL ;
2020 08 16 :9:04:53:pm ALTER table operationlist MODIFY id int(11) NOT NULL auto_increment,MODIFY operationName varchar(150) NOT NULL ,MODIFY creationDate datetime NOT NULL DEFAULT CURRENT_TIMESTAMP;
2020 08 19 :4:30:10:am ALTER table user MODIFY id varchar(50) NOT NULL ,MODIFY firstName varchar(50) NOT NULL ,MODIFY lastName varchar(50) NOT NULL ,MODIFY mobileNumber varchar(20) NOT NULL ,MODIFY email varchar(50) NULL ,MODIFY creationDate datetime NOT NULL DEFAULT CURRENT_TIMESTAMP,MODIFY statusId int(10) NULL ;
2020 08 22 :10:05:00:am ALTER table apiroute ADD token VARCHAR(150) NULL ;
2020 08 30 :8:59:34:pm ALTER table optransaction MODIFY id int(11) NOT NULL auto_increment,MODIFY creationDate datetime NULL ,ADD amount FLOAT(11) NULL ,MODIFY userId varchar(150) NULL ,MODIFY transType varchar(150) NULL ,MODIFY operationId int(11) NULL ;
2020 09 01 :10:13:25:pm ALTER table serviceintervalroutine MODIFY id int(11) NOT NULL auto_increment,MODIFY amount int(11) NOT NULL ,ADD serviceCardId int(11) NULL ,MODIFY routineId int(11) NULL ;
